<?xml version="1.0" encoding="UTF-8"?>
<!-- Generated by org.testng.reporters.JUnitXMLReporter -->
<testsuite hostname="DESKTOP-HKBDLIP" ignored="0" name="Exel Test" tests="2" failures="2" timestamp="2020-01-25T12:58:25 CST" time="0.176" errors="0">
  <testcase name="addDataIntoExl" time="0.02" classname="com.Practice.AddingDataIntoExcel">
    <failure type="java.lang.NullPointerException">
      <![CDATA[java.lang.NullPointerException
at com.hrms.testbase.Listener.onTestStart(Listener.java:13)
at java.util.ArrayList.forEach(Unknown Source)
... Removed 24 stack frames]]>
    </failure>
  </testcase> <!-- addDataIntoExl -->
  <testcase name="addDataIntoExl" time="0.091" classname="com.Practice.AddingDataIntoExcel">
    <failure type="java.lang.NullPointerException">
      <![CDATA[java.lang.NullPointerException
at com.hrms.testbase.Listener.onTestFailure(Listener.java:31)
at java.util.ArrayList.forEach(Unknown Source)
... Removed 24 stack frames]]>
    </failure>
  </testcase> <!-- addDataIntoExl -->
</testsuite> <!-- Exel Test -->
