<?xml version="1.0" encoding="UTF-8"?>
<!-- Generated by org.testng.reporters.JUnitXMLReporter -->
<testsuite hostname="DESKTOP-HKBDLIP" ignored="14" name="Regression Test" tests="3" failures="0" timestamp="2020-01-25T12:50:36 CST" time="37.031" errors="0">
  <testcase name="login" time="7.647" classname="com.hrms.testcases.AddEmpVerification"/>
  <testcase name="leaveLabelvalid" time="3.504" classname="com.hrms.testcases.LeaveListPageTest"/>
  <testcase name="negativeLogin" time="0.552" classname="com.hrms.testcases.LoginPageTest"/>
  <testcase name="@BeforeTest generateReport" time="0.0" classname="com.hrms.testbase.BaseClass">
    <ignored/>
  </testcase> <!-- @BeforeTest generateReport -->
  <testcase name="@BeforeTest generateReport" time="0.0" classname="com.hrms.testbase.BaseClass">
    <ignored/>
  </testcase> <!-- @BeforeTest generateReport -->
  <testcase name="@BeforeTest generateReport" time="0.0" classname="com.hrms.testbase.BaseClass">
    <ignored/>
  </testcase> <!-- @BeforeTest generateReport -->
  <testcase name="@BeforeTest generateReport" time="0.0" classname="com.hrms.testbase.BaseClass">
    <ignored/>
  </testcase> <!-- @BeforeTest generateReport -->
  <testcase name="@BeforeTest generateReport" time="0.0" classname="com.hrms.testbase.BaseClass">
    <ignored/>
  </testcase> <!-- @BeforeTest generateReport -->
  <testcase name="usingProvider" time="0.0" classname="com.hrms.testcases.AddEmpUsingProvider">
    <ignored/>
  </testcase> <!-- usingProvider -->
  <testcase name="loginN" time="0.0" classname="com.hrms.testcases.LoginPageTest">
    <ignored/>
  </testcase> <!-- loginN -->
  <testcase name="reading" time="0.0" classname="com.hrms.testcases.LoginUsingPropertiesFile">
    <ignored/>
  </testcase> <!-- reading -->
  <testcase name="@AfterTest writeReport" time="0.0" classname="com.hrms.testbase.BaseClass">
    <ignored/>
  </testcase> <!-- @AfterTest writeReport -->
  <testcase name="@AfterTest writeReport" time="0.0" classname="com.hrms.testbase.BaseClass">
    <ignored/>
  </testcase> <!-- @AfterTest writeReport -->
  <testcase name="@AfterTest writeReport" time="0.0" classname="com.hrms.testbase.BaseClass">
    <ignored/>
  </testcase> <!-- @AfterTest writeReport -->
  <testcase name="@AfterTest writeReport" time="0.0" classname="com.hrms.testbase.BaseClass">
    <ignored/>
  </testcase> <!-- @AfterTest writeReport -->
  <testcase name="@AfterTest writeReport" time="0.0" classname="com.hrms.testbase.BaseClass">
    <ignored/>
  </testcase> <!-- @AfterTest writeReport -->
  <testcase name="dBoardActions" time="0.0" classname="com.hrms.testcases.DashBoardTest">
    <ignored/>
  </testcase> <!-- dBoardActions -->
</testsuite> <!-- Regression Test -->
