<?xml version="1.0" encoding="UTF-8"?>
<testng-results skipped="0" failed="0" ignored="0" total="1" passed="1">
  <reporter-output>
  </reporter-output>
  <suite name="Default suite" duration-ms="1486" started-at="2020-01-25T12:56:03 CST" finished-at="2020-01-25T12:56:04 CST">
    <groups>
    </groups>
    <test name="Default test" duration-ms="1486" started-at="2020-01-25T12:56:03 CST" finished-at="2020-01-25T12:56:04 CST">
      <class name="com.Practice.AddingDataIntoExcel">
        <test-method status="PASS" signature="addDataIntoExl()[pri:0, instance:com.Practice.AddingDataIntoExcel@551aa95a]" name="addDataIntoExl" duration-ms="1387" started-at="2020-01-25T12:56:03 CST" finished-at="2020-01-25T12:56:04 CST">
          <reporter-output>
          </reporter-output>
        </test-method> <!-- addDataIntoExl -->
      </class> <!-- com.Practice.AddingDataIntoExcel -->
    </test> <!-- Default test -->
  </suite> <!-- Default suite -->
</testng-results>
